[INFO] Generating build script...
[INFO] Generating build script completed, took 267ms

[INFO] Initializing inputs
[INFO] Reading cached asset graph...
[INFO] Reading cached asset graph completed, took 301ms

[INFO] Checking for updates since last build...
[INFO] Checking for updates since last build completed, took 637ms

[INFO] Running build...
[INFO] 1.0s elapsed, 150/183 actions completed.
[INFO] 4.1s elapsed, 262/263 actions completed.
[INFO] 5.3s elapsed, 263/263 actions completed.
[INFO] 6.4s elapsed, 314/407 actions completed.
[INFO] 7.5s elapsed, 314/407 actions completed.
[INFO] 8.5s elapsed, 314/407 actions completed.
[INFO] 9.5s elapsed, 314/407 actions completed.
[INFO] 10.6s elapsed, 316/409 actions completed.
[INFO] 11.7s elapsed, 325/418 actions completed.
[INFO] 12.8s elapsed, 336/423 actions completed.
[INFO] 13.8s elapsed, 356/427 actions completed.
[INFO] 14.8s elapsed, 371/430 actions completed.
[INFO] 15.9s elapsed, 371/430 actions completed.
[INFO] 17.0s elapsed, 371/430 actions completed.
[INFO] 18.1s elapsed, 381/433 actions completed.
[INFO] 19.1s elapsed, 392/439 actions completed.
[INFO] 20.1s elapsed, 396/440 actions completed.
[INFO] 21.2s elapsed, 409/444 actions completed.
[INFO] 22.3s elapsed, 435/460 actions completed.
[INFO] 23.4s elapsed, 442/464 actions completed.
[INFO] 24.4s elapsed, 448/468 actions completed.
[SEVERE] build_web_compilers:ddc on lib/src/modules/editorial/pages/editorial/editorial_page.template.ddc.module:
Error compiling dartdevc module:nexus_frontend_backoffice|lib/src/modules/editorial/pages/editorial/editorial_page.template.ddc.js

packages/nexus_frontend_backoffice/src/modules/editorial/pages/editorial/editorial_page.template.dart:1175:55: Error: A value of type 'String?' can't be assigned to a variable of type 'String' because 'String?' is nullable and 'String' isn't.
    _ctx.noticiaEmEdicao.titulo = local_noticiaTitulo.value;
                                                      ^
packages/nexus_frontend_backoffice/src/modules/editorial/pages/editorial/editorial_page.template.dart:1181:51: Error: A value of type 'String?' can't be assigned to a variable of type 'String' because 'String?' is nullable and 'String' isn't.
    _ctx.noticiaEmEdicao.slug = local_noticiaSlug.value;
                                                  ^
packages/nexus_frontend_backoffice/src/modules/editorial/pages/editorial/editorial_page.template.dart:1187:61: Error: A value of type 'String?' can't be assigned to a variable of type 'String' because 'String?' is nullable and 'String' isn't.
    _ctx.noticiaEmEdicao.categoria = local_noticiaCategoria.value;
                                                            ^
packages/nexus_frontend_backoffice/src/modules/editorial/pages/editorial/editorial_page.template.dart:1193:45: Error: The getter 'DateTime' isn't defined for the class 'EditorialPage'.
 - 'EditorialPage' is from 'package:nexus_frontend_backoffice/src/modules/editorial/pages/editorial/editorial_page.dart' ('packages/nexus_frontend_backoffice/src/modules/editorial/pages/editorial/editorial_page.dart').
Try correcting the name to the name of an existing getter, or defining a getter or field named 'DateTime'.
    _ctx.noticiaEmEdicao.publicadoEm = _ctx.DateTime.parse(local_noticiaPublicado.value);
                                            ^^^^^^^^
packages/nexus_frontend_backoffice/src/modules/editorial/pages/editorial/editorial_page.template.dart:1199:65: Error: Property 'isEmpty' cannot be accessed on 'String?' because it is potentially null.
Try accessing using ?. instead.
    _ctx.noticiaEmEdicao.urlImagem = (local_noticiaImagem.value.isEmpty ? null : local_noticiaImagem.value);
                                                                ^^^^^^^
packages/nexus_frontend_backoffice/src/modules/editorial/pages/editorial/editorial_page.template.dart:1211:55: Error: A value of type 'String?' can't be assigned to a variable of type 'String' because 'String?' is nullable and 'String' isn't.
    _ctx.noticiaEmEdicao.resumo = local_noticiaResumo.value;
                                                      ^
packages/nexus_frontend_backoffice/src/modules/editorial/pages/editorial/editorial_page.template.dart:1386:28: Error: The getter 'TipoPublicacao' isn't defined for the class 'EditorialPage'.
 - 'EditorialPage' is from 'package:nexus_frontend_backoffice/src/modules/editorial/pages/editorial/editorial_page.dart' ('packages/nexus_frontend_backoffice/src/modules/editorial/pages/editorial/editorial_page.dart').
Try correcting the name to the name of an existing getter, or defining a getter or field named 'TipoPublicacao'.
    final currVal_1 = _ctx.TipoPublicacao.values;
                           ^^^^^^^^^^^^^^
packages/nexus_frontend_backoffice/src/modules/editorial/pages/editorial/editorial_page.template.dart:1397:28: Error: The getter 'StatusPublicacao' isn't defined for the class 'EditorialPage'.
 - 'EditorialPage' is from 'package:nexus_frontend_backoffice/src/modules/editorial/pages/editorial/editorial_page.dart' ('packages/nexus_frontend_backoffice/src/modules/editorial/pages/editorial/editorial_page.dart').
Try correcting the name to the name of an existing getter, or defining a getter or field named 'StatusPublicacao'.
    final currVal_2 = _ctx.StatusPublicacao.values;
                           ^^^^^^^^^^^^^^^^
packages/nexus_frontend_backoffice/src/modules/editorial/pages/editorial/editorial_page.template.dart:1454:61: Error: A value of type 'String?' can't be assigned to a variable of type 'String' because 'String?' is nullable and 'String' isn't.
    _ctx.publicacaoEmEdicao.titulo = local_publicacaoTitulo.value;
                                                            ^
packages/nexus_frontend_backoffice/src/modules/editorial/pages/editorial/editorial_page.template.dart:1460:41: Error: The getter 'TipoPublicacao' isn't defined for the class 'EditorialPage'.
 - 'EditorialPage' is from 'package:nexus_frontend_backoffice/src/modules/editorial/pages/editorial/editorial_page.dart' ('packages/nexus_frontend_backoffice/src/modules/editorial/pages/editorial/editorial_page.dart').
Try correcting the name to the name of an existing getter, or defining a getter or field named 'TipoPublicacao'.
    _ctx.publicacaoEmEdicao.tipo = _ctx.TipoPublicacao.parse(local_publicacaoTipo.value);
                                        ^^^^^^^^^^^^^^
packages/nexus_frontend_backoffice/src/modules/editorial/pages/editorial/editorial_page.template.dart:1466:43: Error: The getter 'StatusPublicacao' isn't defined for the class 'EditorialPage'.
 - 'EditorialPage' is from 'package:nexus_frontend_backoffice/src/modules/editorial/pages/editorial/editorial_page.dart' ('packages/nexus_frontend_backoffice/src/modules/editorial/pages/editorial/editorial_page.dart').
Try correcting the name to the name of an existing getter, or defining a getter or field named 'StatusPublicacao'.
    _ctx.publicacaoEmEdicao.status = _ctx.StatusPublicacao.parse(local_publicacaoStatus.value);
                                          ^^^^^^^^^^^^^^^^
packages/nexus_frontend_backoffice/src/modules/editorial/pages/editorial/editorial_page.template.dart:1472:71: Error: A value of type 'String?' can't be assigned to a variable of type 'String' because 'String?' is nullable and 'String' isn't.
    _ctx.publicacaoEmEdicao.codigoReferencia = local_publicacaoCodigo.value;
                                                                      ^
packages/nexus_frontend_backoffice/src/modules/editorial/pages/editorial/editorial_page.template.dart:1478:66: Error: A value of type 'String?' can't be assigned to a variable of type 'String' because 'String?' is nullable and 'String' isn't.
    _ctx.publicacaoEmEdicao.areaEditorial = local_publicacaoArea.value;
                                                                 ^
packages/nexus_frontend_backoffice/src/modules/editorial/pages/editorial/editorial_page.template.dart:1484:48: Error: The getter 'DateTime' isn't defined for the class 'EditorialPage'.
 - 'EditorialPage' is from 'package:nexus_frontend_backoffice/src/modules/editorial/pages/editorial/editorial_page.dart' ('packages/nexus_frontend_backoffice/src/modules/editorial/pages/editorial/editorial_page.dart').
Try correcting the name to the name of an existing getter, or defining a getter or field named 'DateTime'.
    _ctx.publicacaoEmEdicao.publicadoEm = _ctx.DateTime.parse(local_publicacaoPublicado.value);
                                               ^^^^^^^^
packages/nexus_frontend_backoffice/src/modules/editorial/pages/editorial/editorial_page.template.dart:1490:68: Error: Property 'isEmpty' cannot be accessed on 'String?' because it is potentially null.
Try accessing using ?. instead.
    _ctx.publicacaoEmEdicao.resumo = (local_publicacaoResumo.value.isEmpty ? null : local_publicacaoResumo.value);
                                                                   ^^^^^^^
packages/nexus_frontend_backoffice/src/modules/editorial/pages/editorial/editorial_page.template.dart:1698:28: Error: The getter 'StatusPublicacao' isn't defined for the class 'EditorialPage'.
 - 'EditorialPage' is from 'package:nexus_frontend_backoffice/src/modules/editorial/pages/editorial/editorial_page.dart' ('packages/nexus_frontend_backoffice/src/modules/editorial/pages/editorial/editorial_page.dart').
Try correcting the name to the name of an existing getter, or defining a getter or field named 'StatusPublicacao'.
    final currVal_3 = _ctx.StatusPublicacao.values;
                           ^^^^^^^^^^^^^^^^
packages/nexus_frontend_backoffice/src/modules/editorial/pages/editorial/editorial_page.template.dart:1748:53: Error: A value of type 'String?' can't be assigned to a variable of type 'String' because 'String?' is nullable and 'String' isn't.
    _ctx.paginaEmEdicao.titulo = local_paginaTitulo.value;
                                                    ^
packages/nexus_frontend_backoffice/src/modules/editorial/pages/editorial/editorial_page.template.dart:1754:49: Error: A value of type 'String?' can't be assigned to a variable of type 'String' because 'String?' is nullable and 'String' isn't.
    _ctx.paginaEmEdicao.slug = local_paginaSlug.value;
                                                ^
packages/nexus_frontend_backoffice/src/modules/editorial/pages/editorial/editorial_page.template.dart:1760:51: Error: A value of type 'String?' can't be assigned to a variable of type 'String' because 'String?' is nullable and 'String' isn't.
    _ctx.paginaEmEdicao.secao = local_paginaSecao.value;
                                                  ^
packages/nexus_frontend_backoffice/src/modules/editorial/pages/editorial/editorial_page.template.dart:1766:39: Error: The getter 'StatusPublicacao' isn't defined for the class 'EditorialPage'.
 - 'EditorialPage' is from 'package:nexus_frontend_backoffice/src/modules/editorial/pages/editorial/editorial_page.dart' ('packages/nexus_frontend_backoffice/src/modules/editorial/pages/editorial/editorial_page.dart').
Try correcting the name to the name of an existing getter, or defining a getter or field named 'StatusPublicacao'.
    _ctx.paginaEmEdicao.status = _ctx.StatusPublicacao.parse(local_paginaStatus.value);
                                      ^^^^^^^^^^^^^^^^
packages/nexus_frontend_backoffice/src/modules/editorial/pages/editorial/editorial_page.template.dart:1772:60: Error: Property 'isEmpty' cannot be accessed on 'String?' because it is potentially null.
Try accessing using ?. instead.
    _ctx.paginaEmEdicao.resumo = (local_paginaResumo.value.isEmpty ? null : local_paginaResumo.value);
                                                           ^^^^^^^

[WARNING] build_web_compilers:entrypoint on web/main.dart:
Unable to read nexus_frontend_backoffice|lib/src/modules/editorial/pages/editorial/editorial_page.template.ddc.js, check your console or the `.dart_tool/build/generated/nexus_frontend_backoffice/lib/src/modules/editorial/pages/editorial/editorial_page.template.ddc.js.errors` log file.
[INFO] 26.3s elapsed, 456/468 actions completed.
[INFO] 27.4s elapsed, 466/468 actions completed.
[SEVERE] build_web_compilers:ddc on lib/src/modules/home/pages/main/main_page.template.ddc.module:
Error compiling dartdevc module:nexus_frontend_backoffice|lib/src/modules/home/pages/main/main_page.template.ddc.js

packages/nexus_frontend_backoffice/src/modules/home/pages/main/main_page.template.dart:1804:28: Error: The getter 'TipoFluxo' isn't defined for the class 'MainPage'.
 - 'MainPage' is from 'package:nexus_frontend_backoffice/src/modules/home/pages/main/main_page.dart' ('packages/nexus_frontend_backoffice/src/modules/home/pages/main/main_page.dart').
Try correcting the name to the name of an existing getter, or defining a getter or field named 'TipoFluxo'.
    final currVal_7 = _ctx.TipoFluxo.values;
                           ^^^^^^^^^
packages/nexus_frontend_backoffice/src/modules/home/pages/main/main_page.template.dart:2028:57: Error: The argument type 'String?' can't be assigned to the parameter type 'String' because 'String?' is nullable and 'String' isn't.
    _ctx.atualizarChaveFluxoEmEdicao(local_flowKeyInput.value);
                                                        ^
packages/nexus_frontend_backoffice/src/modules/home/pages/main/main_page.template.dart:2034:58: Error: The argument type 'String?' can't be assigned to the parameter type 'String' because 'String?' is nullable and 'String' isn't.
    _ctx.atualizarTipoFluxoEmEdicao(local_flowTypeSelect.value);
                                                         ^
packages/nexus_frontend_backoffice/src/modules/home/pages/main/main_page.template.dart:2040:58: Error: The argument type 'String?' can't be assigned to the parameter type 'String' because 'String?' is nullable and 'String' isn't.
    _ctx.onContextoPreviewChanged(local_contextoJsonArea.value);
                                                         ^
packages/nexus_frontend_backoffice/src/modules/home/pages/main/main_page.template.dart:2046:60: Error: The argument type 'String?' can't be assigned to the parameter type 'String' because 'String?' is nullable and 'String' isn't.
    _ctx.onRespostasPreviewChanged(local_respostasJsonArea.value);
                                                           ^
packages/nexus_frontend_backoffice/src/modules/home/pages/main/main_page.template.dart:2509:60: Error: The argument type 'String?' can't be assigned to the parameter type 'String' because 'String?' is nullable and 'String' isn't.
    _ctx.atualizarRotuloNoSelecionado(local_nodeLabelInput.value);
                                                           ^
packages/nexus_frontend_backoffice/src/modules/home/pages/main/main_page.template.dart:2551:64: Error: The argument type 'String?' can't be assigned to the parameter type 'String' because 'String?' is nullable and 'String' isn't.
    _ctx.atualizarConteudoApresentacao(local_apresentacaoTexto.value);
                                                               ^
packages/nexus_frontend_backoffice/src/modules/home/pages/main/main_page.template.dart:2634:56: Error: The argument type 'String?' can't be assigned to the parameter type 'String' because 'String?' is nullable and 'String' isn't.
    _ctx.atualizarExpressaoCondicao(local_condicaoExpr.value);
                                                       ^
packages/nexus_frontend_backoffice/src/modules/home/pages/main/main_page.template.dart:2640:59: Error: The argument type 'String?' can't be assigned to the parameter type 'String' because 'String?' is nullable and 'String' isn't.
    _ctx.atualizarHandleVerdadeiro(local_handleVerdadeiro.value);
                                                          ^
packages/nexus_frontend_backoffice/src/modules/home/pages/main/main_page.template.dart:2646:49: Error: The argument type 'String?' can't be assigned to the parameter type 'String' because 'String?' is nullable and 'String' isn't.
    _ctx.atualizarHandleFalso(local_handleFalso.value);
                                                ^
packages/nexus_frontend_backoffice/src/modules/home/pages/main/main_page.template.dart:2746:55: Error: The argument type 'String?' can't be assigned to the parameter type 'String' because 'String?' is nullable and 'String' isn't.
    _ctx.atualizarMetodoConteudo(local_conteudoMetodo.value);
                                                      ^
packages/nexus_frontend_backoffice/src/modules/home/pages/main/main_page.template.dart:2752:57: Error: The argument type 'String?' can't be assigned to the parameter type 'String' because 'String?' is nullable and 'String' isn't.
    _ctx.atualizarTimeoutConteudo(local_conteudoTimeout.value);
                                                        ^
packages/nexus_frontend_backoffice/src/modules/home/pages/main/main_page.template.dart:2758:49: Error: The argument type 'String?' can't be assigned to the parameter type 'String' because 'String?' is nullable and 'String' isn't.
    _ctx.atualizarUrlConteudo(local_conteudoUrl.value);
                                                ^
packages/nexus_frontend_backoffice/src/modules/home/pages/main/main_page.template.dart:2764:64: Error: The argument type 'bool?' can't be assigned to the parameter type 'bool' because 'bool?' is nullable and 'bool' isn't.
    _ctx.atualizarFinalizaFluxoConteudo(local_conteudoFinaliza.checked);
                                                               ^
packages/nexus_frontend_backoffice/src/modules/home/pages/main/main_page.template.dart:2859:58: Error: The argument type 'String?' can't be assigned to the parameter type 'String' because 'String?' is nullable and 'String' isn't.
    _ctx.atualizarTituloTarefaInterna(local_tarefaTitulo.value);
                                                         ^
packages/nexus_frontend_backoffice/src/modules/home/pages/main/main_page.template.dart:2865:64: Error: The argument type 'String?' can't be assigned to the parameter type 'String' because 'String?' is nullable and 'String' isn't.
    _ctx.atualizarDescricaoTarefaInterna(local_tarefaDescricao.value);
                                                               ^
packages/nexus_frontend_backoffice/src/modules/home/pages/main/main_page.template.dart:2871:66: Error: The argument type 'String?' can't be assigned to the parameter type 'String' because 'String?' is nullable and 'String' isn't.
    _ctx.atualizarPrioridadeTarefaInterna(local_tarefaPrioridade.value);
                                                                 ^
packages/nexus_frontend_backoffice/src/modules/home/pages/main/main_page.template.dart:2986:55: Error: The argument type 'String?' can't be assigned to the parameter type 'String' because 'String?' is nullable and 'String' isn't.
    _ctx.atualizarStatusNoInterno(local_statusInterno.value);
                                                      ^
packages/nexus_frontend_backoffice/src/modules/home/pages/main/main_page.template.dart:2992:60: Error: The argument type 'String?' can't be assigned to the parameter type 'String' because 'String?' is nullable and 'String' isn't.
    _ctx.atualizarMotivoStatusNoInterno(local_motivoStatus.value);
                                                           ^
packages/nexus_frontend_backoffice/src/modules/home/pages/main/main_page.template.dart:3089:71: Error: The argument type 'String?' can't be assigned to the parameter type 'String' because 'String?' is nullable and 'String' isn't.
    _ctx.atualizarVersaoConjuntoRegrasPontuacao(local_pontuacaoVersao.value);
                                                                      ^
packages/nexus_frontend_backoffice/src/modules/home/pages/main/main_page.template.dart:3095:64: Error: The argument type 'String?' can't be assigned to the parameter type 'String' because 'String?' is nullable and 'String' isn't.
    _ctx.atualizarChaveResultadoPontuacao(local_pontuacaoChave.value);
                                                               ^
packages/nexus_frontend_backoffice/src/modules/home/pages/main/main_page.template.dart:3152:79: Error: The argument type 'String?' can't be assigned to the parameter type 'String' because 'String?' is nullable and 'String' isn't.
    _ctx.atualizarVersaoConjuntoRegrasClassificacao(local_classificacaoVersao.value);
                                                                              ^
packages/nexus_frontend_backoffice/src/modules/home/pages/main/main_page.template.dart:3158:63: Error: The argument type 'String?' can't be assigned to the parameter type 'String' because 'String?' is nullable and 'String' isn't.
    _ctx.atualizarNotasClassificacao(local_classificacaoNotas.value);
                                                              ^
packages/nexus_frontend_backoffice/src/modules/home/pages/main/main_page.template.dart:3331:75: Error: The argument type 'String?' can't be assigned to the parameter type 'String' because 'String?' is nullable and 'String' isn't.
    _ctx.atualizarSecaoFormularioTitulo(local_secao.id, local_secaoTitulo.value);
                                                                          ^
packages/nexus_frontend_backoffice/src/modules/home/pages/main/main_page.template.dart:3338:81: Error: The argument type 'String?' can't be assigned to the parameter type 'String' because 'String?' is nullable and 'String' isn't.
    _ctx.atualizarSecaoFormularioDescricao(local_secao.id, local_secaoDescricao.value);
                                                                                ^
packages/nexus_frontend_backoffice/src/modules/home/pages/main/main_page.template.dart:3345:81: Error: The argument type 'bool?' can't be assigned to the parameter type 'bool' because 'bool?' is nullable and 'bool' isn't.
    _ctx.atualizarSecaoFormularioRepetivel(local_secao.id, local_secaoRepetivel.checked);
                                                                                ^
packages/nexus_frontend_backoffice/src/modules/home/pages/main/main_page.template.dart:3662:74: Error: The argument type 'String?' can't be assigned to the parameter type 'String' because 'String?' is nullable and 'String' isn't.
    _ctx.atualizarPerguntaRotulo(local_pergunta.id, local_perguntaRotulo.value);
                                                                         ^
packages/nexus_frontend_backoffice/src/modules/home/pages/main/main_page.template.dart:3669:72: Error: The argument type 'String?' can't be assigned to the parameter type 'String' because 'String?' is nullable and 'String' isn't.
    _ctx.atualizarPerguntaCampo(local_pergunta.id, local_perguntaCampo.value);
                                                                       ^
packages/nexus_frontend_backoffice/src/modules/home/pages/main/main_page.template.dart:3676:80: Error: The argument type 'String?' can't be assigned to the parameter type 'String' because 'String?' is nullable and 'String' isn't.
    _ctx.atualizarPerguntaDescricao(local_pergunta.id, local_perguntaDescricao.value);
                                                                               ^
packages/nexus_frontend_backoffice/src/modules/home/pages/main/main_page.template.dart:3683:73: Error: The argument type 'String?' can't be assigned to the parameter type 'String' because 'String?' is nullable and 'String' isn't.
    _ctx.atualizarPerguntaTipo(local_pergunta.id, local_tipoCampoSelect.value);
                                                                        ^
packages/nexus_frontend_backoffice/src/modules/home/pages/main/main_page.template.dart:3697:81: Error: The argument type 'bool?' can't be assigned to the parameter type 'bool' because 'bool?' is nullable and 'bool' isn't.
    _ctx.atualizarPerguntaObrigatorio(local_pergunta.id, local_campoObrigatorio.checked);
                                                                                ^
packages/nexus_frontend_backoffice/src/modules/home/pages/main/main_page.template.dart:3704:81: Error: The argument type 'String?' can't be assigned to the parameter type 'String' because 'String?' is nullable and 'String' isn't.
    _ctx.atualizarPerguntaPlaceholder(local_pergunta.id, local_campoPlaceholder.value);
                                                                                ^
packages/nexus_frontend_backoffice/src/modules/home/pages/main/main_page.template.dart:3923:97: Error: The argument type 'String?' can't be assigned to the parameter type 'String' because 'String?' is nullable and 'String' isn't.
    _ctx.atualizarOpcaoPergunta(local_pergunta.id, local_indiceOpcao, 'valor', local_opcaoValor.value);
                                                                                                ^
packages/nexus_frontend_backoffice/src/modules/home/pages/main/main_page.template.dart:3931:99: Error: The argument type 'String?' can't be assigned to the parameter type 'String' because 'String?' is nullable and 'String' isn't.
    _ctx.atualizarOpcaoPergunta(local_pergunta.id, local_indiceOpcao, 'rotulo', local_opcaoRotulo.value);
                                                                                                  ^
packages/nexus_frontend_backoffice/src/modules/home/pages/main/main_page.template.dart:4029:103: Error: The argument type 'String?' can't be assigned to the parameter type 'String' because 'String?' is nullable and 'String' isn't.
    _ctx.atualizarValidacaoPerguntaTipo(local_pergunta.id, local_indiceValidacao, local_tipoValidacao.value);
                                                                                                      ^
packages/nexus_frontend_backoffice/src/modules/home/pages/main/main_page.template.dart:4037:111: Error: The argument type 'String?' can't be assigned to the parameter type 'String' because 'String?' is nullable and 'String' isn't.
    _ctx.atualizarValidacaoPerguntaMensagem(local_pergunta.id, local_indiceValidacao, local_mensagemValidacao.value);
                                                                                                              ^
packages/nexus_frontend_backoffice/src/modules/home/pages/main/main_page.template.dart:4045:113: Error: The argument type 'String?' can't be assigned to the parameter type 'String' because 'String?' is nullable and 'String' isn't.
    _ctx.atualizarValidacaoPerguntaConfiguracao(local_pergunta.id, local_indiceValidacao, local_configValidacao.value);
                                                                                                                ^
packages/nexus_frontend_backoffice/src/modules/home/pages/main/main_page.template.dart:4102:107: Error: The argument type 'String?' can't be assigned to the parameter type 'String' because 'String?' is nullable and 'String' isn't.
    _ctx.atualizarRegraVisibilidadePergunta(local_pergunta.id, local_indiceRegra, local_regraVisibilidade.value);
                                                                                                          ^
packages/nexus_frontend_backoffice/src/modules/home/pages/main/main_page.template.dart:4178:101: Error: The argument type 'String?' can't be assigned to the parameter type 'String' because 'String?' is nullable and 'String' isn't.
    _ctx.atualizarCalculoPerguntaEscopo(local_pergunta.id, local_indiceCalculo, local_escopoCalculo.value);
                                                                                                    ^
packages/nexus_frontend_backoffice/src/modules/home/pages/main/main_page.template.dart:4186:107: Error: The argument type 'String?' can't be assigned to the parameter type 'String' because 'String?' is nullable and 'String' isn't.
    _ctx.atualizarCalculoPerguntaExpressao(local_pergunta.id, local_indiceCalculo, local_expressaoCalculo.value);
                                                                                                          ^
packages/nexus_frontend_backoffice/src/modules/home/pages/main/main_page.template.dart:4279:62: Error: The argument type 'String?' can't be assigned to the parameter type 'String' because 'String?' is nullable and 'String' isn't.
    _ctx.atualizarRotuloArestaSelecionada(local_arestaRotulo.value);
                                                             ^
packages/nexus_frontend_backoffice/src/modules/home/pages/main/main_page.template.dart:4285:74: Error: The argument type 'String?' can't be assigned to the parameter type 'String' because 'String?' is nullable and 'String' isn't.
    _ctx.atualizarHandleOrigemArestaSelecionada(local_arestaHandleOrigem.value);
                                                                         ^
packages/nexus_frontend_backoffice/src/modules/home/pages/main/main_page.template.dart:4291:76: Error: The argument type 'String?' can't be assigned to the parameter type 'String' because 'String?' is nullable and 'String' isn't.
    _ctx.atualizarHandleDestinoArestaSelecionada(local_arestaHandleDestino.value);
                                                                           ^

[WARNING] build_web_compilers:entrypoint on web/main.dart:
Unable to read nexus_frontend_backoffice|lib/src/modules/home/pages/main/main_page.template.ddc.js, check your console or the `.dart_tool/build/generated/nexus_frontend_backoffice/lib/src/modules/home/pages/main/main_page.template.ddc.js.errors` log file.
[SEVERE] build_web_compilers:entrypoint on web/main.dart:

AssetNotFoundException: nexus_frontend_backoffice|lib/src/modules/editorial/pages/editorial/editorial_page.template.ddc.js.metadata
[INFO] Running build completed, took 28.1s

[INFO] Caching finalized dependency graph...
[INFO] Caching finalized dependency graph completed, took 544ms

[SEVERE] Failed after 29.4s
